#
# There is insufficient memory for the Java Runtime Environment to continue.
# Native memory allocation (mmap) failed to map 260046848 bytes for G1 virtual space
# Possible reasons:
#   The system is out of physical RAM or swap space
#   The process is running with CompressedOops enabled, and the Java Heap may be blocking the growth of the native heap
# Possible solutions:
#   Reduce memory load on the system
#   Increase physical memory or swap space
#   Check if swap backing store is full
#   Decrease Java heap size (-Xmx/-Xms)
#   Decrease number of Java threads
#   Decrease Java thread stack sizes (-Xss)
#   Set larger code cache with -XX:ReservedCodeCacheSize=
#   JVM is running with Zero Based Compressed Oops mode in which the Java heap is
#     placed in the first 32GB address space. The Java Heap base address is the
#     maximum limit for the native heap growth. Please use -XX:HeapBaseMinAddress
#     to set the Java Heap base and to place the Java Heap above 32GB virtual address.
# This output file may be truncated or incomplete.
#
#  Out of Memory Error (os_windows.cpp:3550), pid=25508, tid=22452
#
# JRE version:  (17.0.7+8) (build )
# Java VM: Java HotSpot(TM) 64-Bit Server VM (17.0.7+8-LTS-224, mixed mode, sharing, tiered, compressed oops, compressed class ptrs, g1 gc, windows-amd64)
# No core dump will be written. Minidumps are not enabled by default on client versions of Windows
#

---------------  S U M M A R Y ------------

Command Line: -javaagent:C:\Program Files\JetBrains\IntelliJ IDEA Community Edition 2023.3.2\lib\idea_rt.jar=61518:C:\Program Files\JetBrains\IntelliJ IDEA Community Edition 2023.3.2\bin -Dfile.encoding=UTF-8 gb.glumov.homeWork.hw3.Main

Host: AMD Ryzen 7 5800U with Radeon Graphics         , 16 cores, 15G,  Windows 11 , 64 bit Build 22621 (10.0.22621.2506)
Time: Fri Feb  9 16:38:53 2024 RTZ 2 (s 11 , 64 bit Build 22621 (10.0.22621.2506) elapsed time: 0.014033 seconds (0d 0h 0m 0s)

---------------  T H R E A D  ---------------

Current thread (0x000001df7a55db20):  JavaThread "Unknown thread" [_thread_in_vm, id=22452, stack(0x000000041b200000,0x000000041b300000)]

Stack: [0x000000041b200000,0x000000041b300000]
Native frames: (J=compiled Java code, j=interpreted, Vv=VM code, C=native code)
V  [jvm.dll+0x676a4a]
V  [jvm.dll+0x7d74f4]
V  [jvm.dll+0x7d8c9e]
V  [jvm.dll+0x7d9303]
V  [jvm.dll+0x2452c5]
V  [jvm.dll+0x6738f9]
V  [jvm.dll+0x668232]
V  [jvm.dll+0x302826]
V  [jvm.dll+0x309da6]
V  [jvm.dll+0x35952e]
V  [jvm.dll+0x35975f]
V  [jvm.dll+0x2d9a38]
V  [jvm.dll+0x2da9a4]
V  [jvm.dll+0x7a8fb1]
V  [jvm.dll+0x3670e1]
V  [jvm.dll+0x788359]
V  [jvm.dll+0x3ea5ef]
V  [jvm.dll+0x3ec071]
C  [jli.dll+0x5297]
C  [ucrtbase.dll+0x29363]
C  [KERNEL32.DLL+0x1257d]
C  [ntdll.dll+0x5aa58]


---------------  P R O C E S S  ---------------

Threads class SMR info:
_java_thread_list=0x00007ff8ad2d4998, length=0, elements={
}

Java Threads: ( => current thread )

Other Threads:
  0x000001df7a5c7ce0 GCTaskThread "GC Thread#0" [stack: 0x000000041b300000,0x000000041b400000] [id=22664]
  0x000001df7a5da1d0 ConcurrentGCThread "G1 Main Marker" [stack: 0x000000041b400000,0x000000041b500000] [id=24652]
  0x000001df7a5daaf0 ConcurrentGCThread "G1 Conc#0" [stack: 0x000000041b500000,0x000000041b600000] [id=25372]

[error occurred during error reporting (printing all threads), id 0xc0000005, EXCEPTION_ACCESS_VIOLATION (0xc0000005) at pc=0x00007ff8acb0a697]

VM state: not at safepoint (not fully initialized)

VM Mutex/Monitor currently owned by a thread:  ([mutex/lock_event])
[0x000001df7a559260] Heap_lock - owner thread: 0x000001df7a55db20

Heap address: 0x0000000709800000, size: 3944 MB, Compressed Oops mode: Zero based, Oop shift amount: 3

CDS archive(s) mapped at: [0x0000000000000000-0x0000000000000000-0x0000000000000000), size 0, SharedBaseAddress: 0x0000000800000000, ArchiveRelocationMode: 0.
Narrow klass base: 0x0000000000000000, Narrow klass shift: 0, Narrow klass range: 0x0

GC Precious Log:
<Empty>

Heap:
 garbage-first heap   total 0K, used 0K [0x0000000709800000, 0x0000000800000000)
  region size 2048K, 0 young (0K), 0 survivors (0K)

[error occurred during error reporting (printing heap information), id 0xc0000005, EXCEPTION_ACCESS_VIOLATION (0xc0000005) at pc=0x00007ff8acef00b9]

GC Heap History (0 events):
No events

Deoptimization events (0 events):
No events

Classes unloaded (0 events):
No events

Classes redefined (0 events):
No events

Internal exceptions (0 events):
No events

VM Operations (0 events):
No events

Events (1 events):
Event: 0.010 Loaded shared library C:\Program Files\Java\jdk-17\bin\java.dll


Dynamic libraries:
0x00007ff72c490000 - 0x00007ff72c4a0000 	C:\Program Files\Java\jdk-17\bin\java.exe
0x00007ff947d70000 - 0x00007ff947f87000 	C:\WINDOWS\SYSTEM32\ntdll.dll
0x00007ff945f00000 - 0x00007ff945fc4000 	C:\WINDOWS\System32\KERNEL32.DLL
0x00007ff9454d0000 - 0x00007ff945876000 	C:\WINDOWS\System32\KERNELBASE.dll
0x00007ff945880000 - 0x00007ff945991000 	C:\WINDOWS\System32\ucrtbase.dll
0x00007ff92fe00000 - 0x00007ff92fe1b000 	C:\Program Files\Java\jdk-17\bin\VCRUNTIME140.dll
0x00007ff92fe30000 - 0x00007ff92fe49000 	C:\Program Files\Java\jdk-17\bin\jli.dll
0x00007ff9469d0000 - 0x00007ff946a83000 	C:\WINDOWS\System32\ADVAPI32.dll
0x00007ff945b20000 - 0x00007ff945bc7000 	C:\WINDOWS\System32\msvcrt.dll
0x00007ff945c90000 - 0x00007ff945d38000 	C:\WINDOWS\System32\sechost.dll
0x00007ff945a90000 - 0x00007ff945ab8000 	C:\WINDOWS\System32\bcrypt.dll
0x00007ff946c20000 - 0x00007ff946d37000 	C:\WINDOWS\System32\RPCRT4.dll
0x00007ff947990000 - 0x00007ff947b3e000 	C:\WINDOWS\System32\USER32.dll
0x00007ff945a60000 - 0x00007ff945a86000 	C:\WINDOWS\System32\win32u.dll
0x00007ff92b340000 - 0x00007ff92b5d3000 	C:\WINDOWS\WinSxS\amd64_microsoft.windows.common-controls_6595b64144ccf1df_6.0.22621.2506_none_270c5ae97388e100\COMCTL32.dll
0x00007ff945be0000 - 0x00007ff945c09000 	C:\WINDOWS\System32\GDI32.dll
0x00007ff945340000 - 0x00007ff945458000 	C:\WINDOWS\System32\gdi32full.dll
0x00007ff9450b0000 - 0x00007ff94514a000 	C:\WINDOWS\System32\msvcp_win.dll
0x00007ff93a600000 - 0x00007ff93a60a000 	C:\WINDOWS\SYSTEM32\VERSION.dll
0x00007ff947b40000 - 0x00007ff947b71000 	C:\WINDOWS\System32\IMM32.DLL
0x00007ff937180000 - 0x00007ff93718c000 	C:\Program Files\Java\jdk-17\bin\vcruntime140_1.dll
0x00007ff919fd0000 - 0x00007ff91a05e000 	C:\Program Files\Java\jdk-17\bin\msvcp140.dll
0x00007ff8ac820000 - 0x00007ff8ad3fd000 	C:\Program Files\Java\jdk-17\bin\server\jvm.dll
0x00007ff945bd0000 - 0x00007ff945bd8000 	C:\WINDOWS\System32\PSAPI.DLL
0x00007ff92ec70000 - 0x00007ff92ec79000 	C:\WINDOWS\SYSTEM32\WSOCK32.dll
0x00007ff93a610000 - 0x00007ff93a644000 	C:\WINDOWS\SYSTEM32\WINMM.dll
0x00007ff945c10000 - 0x00007ff945c81000 	C:\WINDOWS\System32\WS2_32.dll
0x00007ff9440a0000 - 0x00007ff9440b8000 	C:\WINDOWS\SYSTEM32\kernel.appcore.dll
0x00007ff936e50000 - 0x00007ff936e5a000 	C:\Program Files\Java\jdk-17\bin\jimage.dll
0x00007ff93b4c0000 - 0x00007ff93b6f3000 	C:\WINDOWS\SYSTEM32\DBGHELP.DLL
0x00007ff947600000 - 0x00007ff947989000 	C:\WINDOWS\System32\combase.dll
0x00007ff947280000 - 0x00007ff947357000 	C:\WINDOWS\System32\OLEAUT32.dll
0x00007ff937220000 - 0x00007ff937252000 	C:\WINDOWS\SYSTEM32\dbgcore.DLL
0x00007ff945150000 - 0x00007ff9451ca000 	C:\WINDOWS\System32\bcryptPrimitives.dll
0x00007ff93f5b0000 - 0x00007ff93f5be000 	C:\Program Files\Java\jdk-17\bin\instrument.dll
0x00007ff929e60000 - 0x00007ff929e85000 	C:\Program Files\Java\jdk-17\bin\java.dll

dbghelp: loaded successfully - version: 4.0.5 - missing functions: none
symbol engine: initialized successfully - sym options: 0x614 - pdb path: .;C:\Program Files\Java\jdk-17\bin;C:\WINDOWS\SYSTEM32;C:\WINDOWS\WinSxS\amd64_microsoft.windows.common-controls_6595b64144ccf1df_6.0.22621.2506_none_270c5ae97388e100;C:\Program Files\Java\jdk-17\bin\server

VM Arguments:
jvm_args: -javaagent:C:\Program Files\JetBrains\IntelliJ IDEA Community Edition 2023.3.2\lib\idea_rt.jar=61518:C:\Program Files\JetBrains\IntelliJ IDEA Community Edition 2023.3.2\bin -Dfile.encoding=UTF-8 
java_command: gb.glumov.homeWork.hw3.Main
java_class_path (initial): C:\GeekBrains\Unit_Tests\target\classes;C:\Users\Darek\.m2\repository\net\bytebuddy\byte-buddy\1.12.21\byte-buddy-1.12.21.jar;C:\Users\Darek\.m2\repository\org\seleniumhq\selenium\selenium-java\4.10.0\selenium-java-4.10.0.jar;C:\Users\Darek\.m2\repository\org\seleniumhq\selenium\selenium-api\4.10.0\selenium-api-4.10.0.jar;C:\Users\Darek\.m2\repository\org\seleniumhq\selenium\selenium-chrome-driver\4.10.0\selenium-chrome-driver-4.10.0.jar;C:\Users\Darek\.m2\repository\com\google\auto\service\auto-service-annotations\1.0.1\auto-service-annotations-1.0.1.jar;C:\Users\Darek\.m2\repository\com\google\auto\service\auto-service\1.0.1\auto-service-1.0.1.jar;C:\Users\Darek\.m2\repository\com\google\auto\auto-common\1.2\auto-common-1.2.jar;C:\Users\Darek\.m2\repository\com\google\guava\guava\31.1-jre\guava-31.1-jre.jar;C:\Users\Darek\.m2\repository\com\google\guava\failureaccess\1.0.1\failureaccess-1.0.1.jar;C:\Users\Darek\.m2\repository\com\google\guava\listenablefuture\9999.0-empty-to-avoid-conflict-with-guava\listenablefuture-9999.0-empty-to-avoid-conflict-with-guava.jar;C:\Users\Darek\.m2\repository\com\google\code\findbugs\jsr305\3.0.2\jsr305-3.0.2.jar;C:\Users\Darek\.m2\repository\org\checkerframework\checker-qual\3.12.0\checker-qual-3.12.0.jar;C:\Users\Darek\.m2\repository\com\google\errorprone\error_prone_annotations\2.11.0\error_prone_annotations-2.11.0.jar;C:\Users\Darek\.m2\repository\com\google\j2objc\j2objc-annotations\1.3\j2objc-annotations-1.3.jar;C:\Users\Darek\.m2\repository\org\seleniumhq\selenium\selenium-chromium-driver\4.10.0\selenium-chromium-driver-4.10.0.jar;C:\Users\Darek\.m2\repository\org\seleniumhq\selenium\selenium-json\4.10.0\selenium-json-4.10.0.jar;C:\Users\Darek\.m2\repository\org\seleniumhq\selenium\selenium-manager\4.10.0\selenium-manager-4.10.0.jar;C:\Users\Darek\.m2\repository\org\seleniumhq\selenium\selenium-devtools-v112\4.10.0\selenium-devtools-v112-4.10.0.jar;C:\Users\Darek\.m2\repository\org\seleniumhq\sel
Launcher Type: SUN_STANDARD

[Global flags]
     intx CICompilerCount                          = 12                                        {product} {ergonomic}
     uint ConcGCThreads                            = 3                                         {product} {ergonomic}
     uint G1ConcRefinementThreads                  = 13                                        {product} {ergonomic}
   size_t G1HeapRegionSize                         = 2097152                                   {product} {ergonomic}
    uintx GCDrainStackTargetSize                   = 64                                        {product} {ergonomic}
   size_t InitialHeapSize                          = 260046848                                 {product} {ergonomic}
   size_t MarkStackSize                            = 4194304                                   {product} {ergonomic}
   size_t MaxHeapSize                              = 4135583744                                {product} {ergonomic}
   size_t MinHeapDeltaBytes                        = 2097152                                   {product} {ergonomic}
   size_t MinHeapSize                              = 8388608                                   {product} {ergonomic}
    uintx NonNMethodCodeHeapSize                   = 7602480                                {pd product} {ergonomic}
    uintx NonProfiledCodeHeapSize                  = 122027880                              {pd product} {ergonomic}
    uintx ProfiledCodeHeapSize                     = 122027880                              {pd product} {ergonomic}
    uintx ReservedCodeCacheSize                    = 251658240                              {pd product} {ergonomic}
     bool SegmentedCodeCache                       = true                                      {product} {ergonomic}
   size_t SoftMaxHeapSize                          = 4135583744                             {manageable} {ergonomic}
     bool UseCompressedClassPointers               = true                           {product lp64_product} {ergonomic}
     bool UseCompressedOops                        = true                           {product lp64_product} {ergonomic}
     bool UseG1GC                                  = true                                      {product} {ergonomic}
     bool UseLargePagesIndividualAllocation        = false                                  {pd product} {ergonomic}

Logging:
Log output configuration:
 #0: stdout all=warning uptime,level,tags
 #1: stderr all=off uptime,level,tags

Environment Variables:
JAVA_HOME=C:\Users\Darek\.jdks\openjdk-21.0.1\
PATH=C:\Program Files\Common Files\Oracle\Java\javapath;C:\Program Files\Eclipse Adoptium\jdk-17.0.6.10-hotspot\bin;C:\Python311\Scripts\;C:\Python311\;C:\WINDOWS\system32;C:\WINDOWS;C:\WINDOWS\System32\Wbem;C:\WINDOWS\System32\WindowsPowerShell\v1.0\;C:\WINDOWS\System32\OpenSSH\;C:\Program Files\Microsoft SQL Server\150\Tools\Binn\;C:\Program Files\Microsoft SQL Server\Client SDK\ODBC\170\Tools\Binn\;C:\Program Files\dotnet\;C:\Program Files\Git\cmd;C:\Users\Darek\.jdks\openjdk-21.0.1\\bin;C:\Program Files\Maven\apache-maven-3.9.6\bin;C:\Program Files\PowerShell\7\;;C:\Program Files\Docker\Docker\resources\bin;C:\Program Files\MySQL\MySQL Shell 8.0\bin\;C:\Users\Darek\AppData\Local\Microsoft\WindowsApps;C:\Program Files\JetBrains\IntelliJ IDEA Community Edition 2023.3.2\bin;;C:\Program Files\JetBrains\PyCharm Community Edition 2022.3.2\bin;;C:\Users\Darek\AppData\Local\Programs\Microsoft VS Code\bin;C:\Users\Darek\.dotnet\tools;C:\Program Files\Java\jdk-17\;C:\Users\Darek\.jdks\openjdk-21.0.1\\bin;C:\Program Files\JetBrains\IntelliJ IDEA 233.11555.11\bin;;
USERNAME=Darek
OS=Windows_NT
PROCESSOR_IDENTIFIER=AMD64 Family 25 Model 80 Stepping 0, AuthenticAMD



---------------  S Y S T E M  ---------------

OS:
 Windows 11 , 64 bit Build 22621 (10.0.22621.2506)
OS uptime: 1 days 16:40 hours
Hyper-V role detected

CPU: total 16 (initial active 16) (16 cores per cpu, 2 threads per core) family 25 model 80 stepping 0 microcode 0x0, cx8, cmov, fxsr, ht, mmx, 3dnowpref, sse, sse2, sse3, ssse3, sse4a, sse4.1, sse4.2, popcnt, lzcnt, tsc, tscinvbit, avx, avx2, aes, erms, clmul, bmi1, bmi2, adx, sha, fma, vzeroupper, clflush, clflushopt, hv

Memory: 4k page, system-wide physical 15775M (1931M free)
TotalPageFile size 23548M (AvailPageFile size 65M)
current process WorkingSet (physical memory assigned to process): 11M, peak: 11M
current process commit charge ("private bytes"): 70M, peak: 318M

vm_info: Java HotSpot(TM) 64-Bit Server VM (17.0.7+8-LTS-224) for windows-amd64 JRE (17.0.7+8-LTS-224), built on Feb 28 2023 23:03:02 by "mach5one" with MS VC++ 17.1 (VS2022)

END.
